[bracketweb.com/ienet-html-main/about.html]
[backblue.gif]
[fade.gif]
[index.html]
[bracketweb.com/ienet-html-main/assets/images/favicons/apple-touch-icon.png]
[bracketweb.com/ienet-html-main/assets/images/favicons/favicon-32x32.png]
[bracketweb.com/ienet-html-main/assets/images/favicons/favicon-16x16.png]
[bracketweb.com/ienet-html-main/assets/images/favicons/site.webmanifest]
[bracketweb.com/ienet-html-main/assets/vendors/bootstrap/css/bootstrap.min.css]
[bracketweb.com/ienet-html-main/assets/vendors/bootstrap-select/bootstrap-select.min.css]
[bracketweb.com/ienet-html-main/assets/vendors/animate/animate.min.css]
[bracketweb.com/ienet-html-main/assets/vendors/fontawesome/css/all.min.css]
[bracketweb.com/ienet-html-main/assets/vendors/jquery-ui/jquery-ui.css]
[bracketweb.com/ienet-html-main/assets/vendors/jarallax/jarallax.css]
[bracketweb.com/ienet-html-main/assets/vendors/jquery-magnific-popup/jquery.magnific-popup.css]
[bracketweb.com/ienet-html-main/assets/vendors/nouislider/nouislider.min.css]
[bracketweb.com/ienet-html-main/assets/vendors/nouislider/nouislider.pips.css]
[bracketweb.com/ienet-html-main/assets/vendors/tiny-slider/tiny-slider.css]
[bracketweb.com/ienet-html-main/assets/vendors/ienet-icons/style.css]
[bracketweb.com/ienet-html-main/assets/vendors/slick/slick.css]
[bracketweb.com/ienet-html-main/assets/vendors/owl-carousel/css/owl.carousel.min.css]
[bracketweb.com/ienet-html-main/assets/vendors/owl-carousel/css/owl.theme.default.min.css]
[bracketweb.com/ienet-html-main/assets/css/ienet.css]
[bracketweb.com/ienet-html-main/assets/images/loader.png]
[bracketweb.com/ienet-html-main/index.html]
[bracketweb.com/ienet-html-main/assets/images/logo-dark.png]
[bracketweb.com/ienet-html-main/assets/images/landing/home-1.jpg]
[bracketweb.com/ienet-html-main/index-one-page.html]
[bracketweb.com/ienet-html-main/assets/images/landing/home-2.jpg]
[bracketweb.com/ienet-html-main/index-2.html]
[bracketweb.com/ienet-html-main/index-2-one-page.html]
[bracketweb.com/ienet-html-main/assets/images/landing/home-3.jpg]
[bracketweb.com/ienet-html-main/index-3.html]
[bracketweb.com/ienet-html-main/index-3-one-page.html]
[bracketweb.com/ienet-html-main/assets/images/landing/home-dark.jpg]
[bracketweb.com/ienet-html-main/index-dark.html]
[bracketweb.com/ienet-html-main/assets/images/landing/home-boxed.jpg]
[bracketweb.com/ienet-html-main/index-boxed.html]
[bracketweb.com/ienet-html-main/assets/images/landing/home-rtl.jpg]
[bracketweb.com/ienet-html-main/index-rtl.html]
[bracketweb.com/ienet-html-main/movie.html]
[bracketweb.com/ienet-html-main/movie-carousel.html]
[bracketweb.com/ienet-html-main/movie-details.html]
[bracketweb.com/ienet-html-main/team.html]
[bracketweb.com/ienet-html-main/team-carousel.html]
[bracketweb.com/ienet-html-main/team-details.html]
[bracketweb.com/ienet-html-main/reviews.html]
[bracketweb.com/ienet-html-main/reviews-carousel.html]
[bracketweb.com/ienet-html-main/packages.html]
[bracketweb.com/ienet-html-main/packages-carousel.html]
[bracketweb.com/ienet-html-main/gallery.html]
[bracketweb.com/ienet-html-main/gallery-filter.html]
[bracketweb.com/ienet-html-main/gallery-grid.html]
[bracketweb.com/ienet-html-main/gallery-carousel.html]
[bracketweb.com/ienet-html-main/faq.html]
[bracketweb.com/ienet-html-main/login.html]
[bracketweb.com/ienet-html-main/404.html]
[bracketweb.com/ienet-html-main/services.html]
[bracketweb.com/ienet-html-main/services-carousel.html]
[bracketweb.com/ienet-html-main/service-d-broadband.html]
[bracketweb.com/ienet-html-main/service-d-iptv.html]
[bracketweb.com/ienet-html-main/service-d-cyber-security.html]
[bracketweb.com/ienet-html-main/service-d-landline.html]
[bracketweb.com/ienet-html-main/service-d-tv.html]
[bracketweb.com/ienet-html-main/service-d-connectivity.html]
[bracketweb.com/ienet-html-main/products.html]
[bracketweb.com/ienet-html-main/products-left.html]
[bracketweb.com/ienet-html-main/products-right.html]
[bracketweb.com/ienet-html-main/product-details.html]
[bracketweb.com/ienet-html-main/products-carousel.html]
[bracketweb.com/ienet-html-main/cart.html]
[bracketweb.com/ienet-html-main/checkout.html]
[bracketweb.com/ienet-html-main/blog-grid.html]
[bracketweb.com/ienet-html-main/blog-grid-left.html]
[bracketweb.com/ienet-html-main/blog-grid-right.html]
[bracketweb.com/ienet-html-main/blog-list.html]
[bracketweb.com/ienet-html-main/blog-list-left.html]
[bracketweb.com/ienet-html-main/blog-list-right.html]
[bracketweb.com/ienet-html-main/blog-carousel.html]
[bracketweb.com/ienet-html-main/blog-details.html]
[bracketweb.com/ienet-html-main/blog-details-left.html]
[bracketweb.com/ienet-html-main/blog-details-right.html]
[bracketweb.com/ienet-html-main/contact.html]
[bracketweb.com/ienet-html-main/assets/images/resources/about-2-1.jpg]
[bracketweb.com/ienet-html-main/assets/images/shapes/about-2-border.png]
[bracketweb.com/ienet-html-main/assets/images/resources/about-2-2.jpg]
[bracketweb.com/ienet-html-main/assets/images/resources/user-1.png]
[bracketweb.com/ienet-html-main/assets/images/resources/user-2.png]
[bracketweb.com/ienet-html-main/assets/images/resources/user-3.png]
[bracketweb.com/ienet-html-main/assets/images/shapes/cta-2-bg.png]
[bracketweb.com/ienet-html-main/assets/images/resources/cta-2-1.jpg]
[bracketweb.com/ienet-html-main/assets/images/resources/cta-2-3.jpg]
[bracketweb.com/ienet-html-main/assets/images/resources/cta-2-2.jpg]
[bracketweb.com/ienet-html-main/assets/images/resources/cta-2-4.jpg]
[bracketweb.com/ienet-html-main/assets/images/resources/faq-1-video.jpg]
[bracketweb.com/ienet-html-main/assets/images/shapes/testimonial-bg-1.png]
[bracketweb.com/ienet-html-main/assets/images/resources/testimonial-image-1.png]
[bracketweb.com/ienet-html-main/assets/images/resources/testi-1-1.jpg]
[bracketweb.com/ienet-html-main/assets/images/resources/testi-1-2.jpg]
[bracketweb.com/ienet-html-main/assets/images/resources/testi-1-3.jpg]
[bracketweb.com/ienet-html-main/assets/images/resources/brand-1-1.png]
[bracketweb.com/ienet-html-main/assets/images/resources/brand-1-1-hover.png]
[bracketweb.com/ienet-html-main/assets/images/resources/brand-1-2.png]
[bracketweb.com/ienet-html-main/assets/images/resources/brand-1-2-hover.png]
[bracketweb.com/ienet-html-main/assets/images/resources/brand-1-3.png]
[bracketweb.com/ienet-html-main/assets/images/resources/brand-1-3-hover.png]
[bracketweb.com/ienet-html-main/assets/images/resources/brand-1-4.png]
[bracketweb.com/ienet-html-main/assets/images/resources/brand-1-4-hover.png]
[bracketweb.com/ienet-html-main/assets/images/resources/brand-1-5.png]
[bracketweb.com/ienet-html-main/assets/images/resources/brand-1-5-hover.png]
[bracketweb.com/ienet-html-main/assets/images/shapes/footer-bg-1-1.png]
[bracketweb.com/ienet-html-main/assets/images/resources/footer-shape-1.png]
[bracketweb.com/ienet-html-main/assets/images/resources/footer-shape-2.png]
[bracketweb.com/ienet-html-main/assets/images/logo-light.png]
[bracketweb.com/ienet-html-main/assets/images/gallery/fg-1.jpg]
[bracketweb.com/ienet-html-main/assets/images/gallery/fg-2.jpg]
[bracketweb.com/ienet-html-main/assets/images/gallery/fg-3.jpg]
[bracketweb.com/ienet-html-main/assets/images/gallery/fg-4.jpg]
[bracketweb.com/ienet-html-main/assets/images/gallery/fg-5.jpg]
[bracketweb.com/ienet-html-main/assets/images/gallery/fg-6.jpg]
[bracketweb.com/ienet-html-main/assets/vendors/jquery/jquery-3.7.0.min.js]
[bracketweb.com/ienet-html-main/assets/vendors/bootstrap-select/bootstrap-select.min.js]
[bracketweb.com/ienet-html-main/assets/vendors/bootstrap/js/bootstrap.bundle.min.js]
[bracketweb.com/ienet-html-main/assets/vendors/jarallax/jarallax.min.js]
[bracketweb.com/ienet-html-main/assets/vendors/jquery-ajaxchimp/jquery.ajaxchimp.min.js]
[bracketweb.com/ienet-html-main/assets/vendors/jquery-appear/jquery.appear.min.js]
[bracketweb.com/ienet-html-main/assets/vendors/jquery-circle-progress/jquery.circle-progress.min.js]
[bracketweb.com/ienet-html-main/assets/vendors/jquery-magnific-popup/jquery.magnific-popup.min.js]
[bracketweb.com/ienet-html-main/assets/vendors/jquery-validate/jquery.validate.min.js]
[bracketweb.com/ienet-html-main/assets/vendors/jquery-ui/jquery-ui.js]
[bracketweb.com/ienet-html-main/assets/vendors/nouislider/nouislider.min.js]
[bracketweb.com/ienet-html-main/assets/vendors/tiny-slider/tiny-slider.js]
[bracketweb.com/ienet-html-main/assets/vendors/wnumb/wNumb.min.js]
[bracketweb.com/ienet-html-main/assets/vendors/owl-carousel/js/owl.carousel.min.js]
[bracketweb.com/ienet-html-main/assets/vendors/wow/wow.js]
[bracketweb.com/ienet-html-main/assets/vendors/imagesloaded/imagesloaded.min.js]
[bracketweb.com/ienet-html-main/assets/vendors/isotope/isotope.js]
[bracketweb.com/ienet-html-main/assets/vendors/slick/slick.min.js]
[bracketweb.com/ienet-html-main/assets/vendors/countdown/countdown.min.js]
[bracketweb.com/ienet-html-main/assets/vendors/jquery-circleType/jquery.circleType.js]
[bracketweb.com/ienet-html-main/assets/vendors/jquery-lettering/jquery.lettering.min.js]
[bracketweb.com/ienet-html-main/assets/vendors/gsap/gsap.js]
[bracketweb.com/ienet-html-main/assets/vendors/gsap/scrolltrigger.min.js]
[bracketweb.com/ienet-html-main/assets/vendors/gsap/splittext.min.js]
[bracketweb.com/ienet-html-main/assets/vendors/gsap/ienet-split.js]
[bracketweb.com/ienet-html-main/assets/js/ienet.js]
[bracketweb.com/ienet-html-main/about.html]
[bracketweb.com/ienet-html-main/assets/vendors/bootstrap/css/bootstrap.min.css]
[bracketweb.com/ienet-html-main/assets/vendors/bootstrap-select/bootstrap-select.min.css]
[bracketweb.com/ienet-html-main/assets/vendors/animate/animate.min.css]
[bracketweb.com/ienet-html-main/assets/vendors/fontawesome/webfonts/fa-brands-400.eot]
[bracketweb.com/ienet-html-main/assets/vendors/fontawesome/webfonts/fa-brands-400.woff2]
[bracketweb.com/ienet-html-main/assets/vendors/fontawesome/webfonts/fa-brands-400.woff]
[bracketweb.com/ienet-html-main/assets/vendors/fontawesome/webfonts/fa-brands-400d41d.eot]
[bracketweb.com/ienet-html-main/assets/vendors/fontawesome/webfonts/fa-brands-400.ttf]
[bracketweb.com/ienet-html-main/assets/vendors/fontawesome/webfonts/fa-regular-400.eot]
[bracketweb.com/ienet-html-main/assets/vendors/fontawesome/webfonts/fa-regular-400d41d.eot]
[bracketweb.com/ienet-html-main/assets/vendors/fontawesome/webfonts/fa-brands-400.svg]
[bracketweb.com/ienet-html-main/assets/vendors/fontawesome/webfonts/fa-regular-400.woff2]
[bracketweb.com/ienet-html-main/assets/vendors/fontawesome/webfonts/fa-regular-400.woff]
[bracketweb.com/ienet-html-main/assets/vendors/fontawesome/webfonts/fa-regular-400.ttf]
[bracketweb.com/ienet-html-main/assets/vendors/fontawesome/webfonts/fa-regular-400.svg]
[bracketweb.com/ienet-html-main/assets/vendors/fontawesome/webfonts/fa-solid-900.eot]
[bracketweb.com/ienet-html-main/assets/vendors/fontawesome/webfonts/fa-solid-900d41d.eot]
[bracketweb.com/ienet-html-main/assets/vendors/fontawesome/webfonts/fa-solid-900.woff2]
[bracketweb.com/ienet-html-main/assets/vendors/fontawesome/webfonts/fa-solid-900.woff]
[bracketweb.com/ienet-html-main/assets/vendors/fontawesome/webfonts/fa-solid-900.ttf]
[bracketweb.com/ienet-html-main/assets/vendors/fontawesome/css/all.min.css]
[bracketweb.com/ienet-html-main/assets/vendors/fontawesome/webfonts/fa-solid-900.svg]
[bracketweb.com/ienet-html-main/assets/vendors/jquery-ui/images/ui-bg_highlight-soft_75_cccccc_1x100.png]
[bracketweb.com/ienet-html-main/assets/vendors/jquery-ui/images/ui-bg_glass_75_e6e6e6_1x400.png]
[bracketweb.com/ienet-html-main/assets/vendors/jquery-ui/images/ui-bg_glass_75_dadada_1x400.png]
[bracketweb.com/ienet-html-main/assets/vendors/jquery-ui/images/ui-bg_glass_65_ffffff_1x400.png]
[bracketweb.com/ienet-html-main/assets/vendors/jquery-ui/images/ui-bg_glass_55_fbf9ee_1x400.png]
[bracketweb.com/ienet-html-main/assets/vendors/jquery-ui/images/ui-bg_glass_95_fef1ec_1x400.png]
[bracketweb.com/ienet-html-main/assets/vendors/jquery-ui/images/ui-icons_222222_256x240.png]
[bracketweb.com/ienet-html-main/assets/vendors/jquery-ui/images/ui-icons_888888_256x240.png]
[bracketweb.com/ienet-html-main/assets/vendors/jquery-ui/images/ui-icons_454545_256x240.png]
[bracketweb.com/ienet-html-main/assets/vendors/jquery-ui/images/ui-icons_2e83ff_256x240.png]
[bracketweb.com/ienet-html-main/assets/vendors/jquery-ui/images/ui-icons_cd0a0a_256x240.png]
[bracketweb.com/ienet-html-main/assets/vendors/jquery-ui/jquery-ui.css]
[bracketweb.com/ienet-html-main/assets/vendors/jarallax/jarallax.css]
[bracketweb.com/ienet-html-main/assets/vendors/jquery-magnific-popup/jquery.magnific-popup.css]
[bracketweb.com/ienet-html-main/assets/vendors/nouislider/nouislider.min.css]
[bracketweb.com/ienet-html-main/assets/vendors/nouislider/nouislider.pips.css]
[bracketweb.com/ienet-html-main/assets/vendors/tiny-slider/tiny-slider.css]
[bracketweb.com/ienet-html-main/assets/vendors/ienet-icons/fonts/icomoon6cc9.eot]
[bracketweb.com/ienet-html-main/assets/vendors/ienet-icons/fonts/icomoon6cc9.ttf]
[bracketweb.com/ienet-html-main/assets/vendors/ienet-icons/fonts/icomoon6cc9.woff]
[bracketweb.com/ienet-html-main/assets/vendors/ienet-icons/style.css]
[bracketweb.com/ienet-html-main/assets/vendors/slick/slick.css]
[bracketweb.com/ienet-html-main/assets/vendors/ienet-icons/fonts/icomoon6cc9.svg]
[bracketweb.com/ienet-html-main/assets/vendors/owl-carousel/css/owl.video.play.png]
[bracketweb.com/ienet-html-main/assets/vendors/owl-carousel/css/owl.carousel.min.css]
[bracketweb.com/ienet-html-main/assets/vendors/owl-carousel/css/owl.theme.default.min.css]
[bracketweb.com/ienet-html-main/assets/images/close.png]
[bracketweb.com/ienet-html-main/assets/images/shapes/page-header-bg.png]
[bracketweb.com/ienet-html-main/assets/images/resources/page-banner-layer.png]
[bracketweb.com/ienet-html-main/assets/css/ienet.css]
[bracketweb.com/ienet-html-main/assets/images/home-showcase/home-showcase-1.jpg]
[bracketweb.com/ienet-html-main/assets/images/home-showcase/home-showcase-2.jpg]
[bracketweb.com/ienet-html-main/assets/images/home-showcase/home-showcase-3.jpg]
[bracketweb.com/ienet-html-main/assets/images/home-showcase/home-showcase-4.jpg]
[bracketweb.com/ienet-html-main/assets/images/backgrounds/slider-1-1.jpg]
[bracketweb.com/ienet-html-main/assets/images/backgrounds/slider-1-layer-2.jpg]
[bracketweb.com/ienet-html-main/assets/images/shapes/slider-1-border.png]
[bracketweb.com/ienet-html-main/assets/images/backgrounds/slider-1-layer-1.png]
[bracketweb.com/ienet-html-main/assets/images/backgrounds/slider-1-layer-2.png]
[bracketweb.com/ienet-html-main/assets/images/backgrounds/slider-1-layer-3.png]
[bracketweb.com/ienet-html-main/assets/images/shapes/about-1-bg.png]
[bracketweb.com/ienet-html-main/assets/images/resources/about-shape-1.png]
[bracketweb.com/ienet-html-main/assets/images/resources/about-1-1.jpg]
[bracketweb.com/ienet-html-main/assets/images/shapes/about-1-border.png]
[bracketweb.com/ienet-html-main/assets/images/resources/about-1-2.jpg]
[bracketweb.com/ienet-html-main/assets/images/backgrounds/price-bg-1.jpg]
[bracketweb.com/ienet-html-main/assets/images/resources/package-1-1.jpg]
[bracketweb.com/ienet-html-main/assets/images/resources/package-1-2.jpg]
[bracketweb.com/ienet-html-main/assets/images/resources/package-1-3.jpg]
[bracketweb.com/ienet-html-main/assets/images/resources/feature-1-1.jpg]
[bracketweb.com/ienet-html-main/assets/images/shapes/feature-shape-1.png]
[bracketweb.com/ienet-html-main/assets/images/resources/feature-1-router.png]
[bracketweb.com/ienet-html-main/assets/images/backgrounds/mail-bg-1.jpg]
[bracketweb.com/ienet-html-main/assets/images/resources/mail-shape-1.png]
[bracketweb.com/ienet-html-main/assets/images/resources/mail-shape-2.png]
[bracketweb.com/ienet-html-main/assets/images/resources/cta-1-1.jpg]
[bracketweb.com/ienet-html-main/assets/images/shapes/cta-shape-1.png]
[bracketweb.com/ienet-html-main/assets/images/resources/cta-1-1.png]
[bracketweb.com/ienet-html-main/assets/images/backgrounds/movie-bg-1.jpg]
[bracketweb.com/ienet-html-main/assets/images/movie/movie-1-1.jpg]
[bracketweb.com/ienet-html-main/assets/images/movie/movie-1-2.jpg]
[bracketweb.com/ienet-html-main/assets/images/movie/movie-1-3.jpg]
[bracketweb.com/ienet-html-main/assets/images/movie/movie-1-4.jpg]
[bracketweb.com/ienet-html-main/assets/images/movie/movie-1-5.jpg]
[bracketweb.com/ienet-html-main/assets/images/movie/movie-1-6.jpg]
[bracketweb.com/ienet-html-main/assets/images/movie/movie-1-7.jpg]
[bracketweb.com/ienet-html-main/assets/images/resources/faq-shape-1.png]
[bracketweb.com/ienet-html-main/assets/images/blog/blog-1-1.png]
[bracketweb.com/ienet-html-main/assets/images/blog/blog-1-2.png]
[bracketweb.com/ienet-html-main/assets/images/blog/blog-1-3.png]
[bracketweb.com/ienet-html-main/index.html]
[bracketweb.com/ienet-html-main/index-one-page.html]
[bracketweb.com/ienet-html-main/assets/images/logo-3.png]
[bracketweb.com/ienet-html-main/assets/images/backgrounds/slider-2-3.jpg]
[bracketweb.com/ienet-html-main/assets/images/backgrounds/slider-2-2.jpg]
[bracketweb.com/ienet-html-main/assets/images/shapes/about-bg-2.png]
[bracketweb.com/ienet-html-main/assets/images/shapes/about-2-shape.png]
[bracketweb.com/ienet-html-main/assets/images/resources/about-3-shape.png]
[bracketweb.com/ienet-html-main/assets/images/shapes/feature-2-shape-1.png]
[bracketweb.com/ienet-html-main/assets/images/shapes/feature-2-shape-2.png]
[bracketweb.com/ienet-html-main/assets/images/shapes/feature-2-shape-3.png]
[bracketweb.com/ienet-html-main/assets/images/shapes/feature-2-shape-4.png]
[bracketweb.com/ienet-html-main/assets/images/shapes/feature-2-shape-5.png]
[bracketweb.com/ienet-html-main/assets/images/shapes/feature-2-shape-6.png]
[bracketweb.com/ienet-html-main/assets/images/resources/service-1-1.jpg]
[bracketweb.com/ienet-html-main/assets/images/shapes/service-1-border.png]
[bracketweb.com/ienet-html-main/assets/images/resources/service-1-2.jpg]
[bracketweb.com/ienet-html-main/assets/images/resources/service-1-3.jpg]
[bracketweb.com/ienet-html-main/assets/images/resources/service-1-4.jpg]
[bracketweb.com/ienet-html-main/assets/images/shapes/price-bg-shape-2.png]
[bracketweb.com/ienet-html-main/assets/images/resources/package-2-1.jpg]
[bracketweb.com/ienet-html-main/assets/images/resources/package-2-2.jpg]
[bracketweb.com/ienet-html-main/assets/images/resources/package-2-3.jpg]
[bracketweb.com/ienet-html-main/assets/images/backgrounds/mail-bg-2.jpg]
[bracketweb.com/ienet-html-main/assets/images/resources/mail-2-shape-1.png]
[bracketweb.com/ienet-html-main/assets/images/resources/mail-2-shape-2.png]
[bracketweb.com/ienet-html-main/assets/images/resources/feature-1-2.jpg]
[bracketweb.com/ienet-html-main/assets/images/shapes/feature-shape-2.png]
[bracketweb.com/ienet-html-main/assets/images/resources/cta-2-shape-1.png]
[bracketweb.com/ienet-html-main/assets/images/shapes/cta-2-shape-2.png]
[bracketweb.com/ienet-html-main/assets/images/shapes/faq-shape-2.png]
[bracketweb.com/ienet-html-main/assets/images/resources/testimonial-2-shape-1.png]
[bracketweb.com/ienet-html-main/assets/images/shapes/testimonial-2-shape-2.png]
[bracketweb.com/ienet-html-main/assets/images/backgrounds/testimonial-bg-2.jpg]
[bracketweb.com/ienet-html-main/assets/images/shapes/testimonial-2-shape-3.png]
[bracketweb.com/ienet-html-main/assets/images/shapes/testimonial-2-shape-4.png]
[bracketweb.com/ienet-html-main/assets/images/resources/testi-2-1.jpg]
[bracketweb.com/ienet-html-main/assets/images/resources/testi-2-2.jpg]
[bracketweb.com/ienet-html-main/assets/images/shapes/blog-bg-2.png]
[bracketweb.com/ienet-html-main/index-2.html]
[bracketweb.com/ienet-html-main/assets/images/backgrounds/slider-2-1.jpg]
[bracketweb.com/ienet-html-main/index-2-one-page.html]
[bracketweb.com/ienet-html-main/assets/images/shapes/slider-3-1.png]
[bracketweb.com/ienet-html-main/assets/images/shapes/slider-3-shape-1.png]
[bracketweb.com/ienet-html-main/assets/images/resources/slider-3-shape-2.png]
[bracketweb.com/ienet-html-main/assets/images/backgrounds/slider-3-layer-1.jpg]
[bracketweb.com/ienet-html-main/assets/images/shapes/slider-3-shape-3.png]
[bracketweb.com/ienet-html-main/assets/images/backgrounds/slider-3-layer-2.jpg]
[bracketweb.com/ienet-html-main/assets/images/backgrounds/slider-3-layer-3.jpg]
[bracketweb.com/ienet-html-main/assets/images/shapes/about-3-bg.png]
[bracketweb.com/ienet-html-main/assets/images/resources/about-3-1.jpg]
[bracketweb.com/ienet-html-main/assets/images/resources/about-3-2.png]
[bracketweb.com/ienet-html-main/assets/images/shapes/about-3-experiance.png]
[bracketweb.com/ienet-html-main/assets/images/resources/about-3-video.jpg]
[bracketweb.com/ienet-html-main/assets/images/shapes/packages-3-shape-left.png]
[bracketweb.com/ienet-html-main/assets/images/shapes/packages-3-shape-right.png]
[bracketweb.com/ienet-html-main/assets/images/resources/package-3-1.jpg]
[bracketweb.com/ienet-html-main/assets/images/resources/package-3-2.jpg]
[bracketweb.com/ienet-html-main/assets/images/resources/package-3-3.jpg]
[bracketweb.com/ienet-html-main/assets/images/resources/package-3-4.jpg]
[bracketweb.com/ienet-html-main/assets/images/backgrounds/feature-bg-3.jpg]
[bracketweb.com/ienet-html-main/assets/images/resources/feature-3-1.jpg]
[bracketweb.com/ienet-html-main/assets/images/shapes/feature-3-border.png]
[bracketweb.com/ienet-html-main/assets/images/resources/feature-3-2.jpg]
[bracketweb.com/ienet-html-main/assets/images/shapes/cta-3-shape-1.png]
[bracketweb.com/ienet-html-main/assets/images/shapes/cta-3-shape-2.png]
[bracketweb.com/ienet-html-main/assets/images/resources/cta-three-3-1.jpg]
[bracketweb.com/ienet-html-main/assets/images/shapes/cta-3-border.png]
[bracketweb.com/ienet-html-main/assets/images/resources/cta-three-3-2.jpg]
[bracketweb.com/ienet-html-main/assets/images/shapes/faq-bg-3.png]
[bracketweb.com/ienet-html-main/assets/images/backgrounds/movie-bg-2.jpg]
[bracketweb.com/ienet-html-main/assets/images/movie/movie-shape-2.png]
[bracketweb.com/ienet-html-main/assets/images/movie/movie-2-1.jpg]
[bracketweb.com/ienet-html-main/assets/images/movie/movie-2-2.jpg]
[bracketweb.com/ienet-html-main/assets/images/movie/movie-2-3.jpg]
[bracketweb.com/ienet-html-main/assets/images/movie/movie-featured.jpg]
[bracketweb.com/ienet-html-main/assets/images/movie/movie-2-4.jpg]
[bracketweb.com/ienet-html-main/assets/images/movie/movie-2-5.jpg]
[bracketweb.com/ienet-html-main/assets/images/movie/movie-2-6.jpg]
[bracketweb.com/ienet-html-main/assets/images/resources/testi-3-1.jpg]
[bracketweb.com/ienet-html-main/assets/images/resources/testi-3-2.jpg]
[bracketweb.com/ienet-html-main/assets/images/resources/testi-3-3.jpg]
[bracketweb.com/ienet-html-main/assets/images/resources/testi-3-4.jpg]
[bracketweb.com/ienet-html-main/assets/images/resources/testi-3-5.jpg]
[bracketweb.com/ienet-html-main/assets/images/shapes/testimonial-3-quote.png]
[bracketweb.com/ienet-html-main/assets/images/shapes/blog-bg-3.png]
[bracketweb.com/ienet-html-main/assets/images/blog/blog-2-1.png]
[bracketweb.com/ienet-html-main/assets/images/blog/blog-1-4.png]
[bracketweb.com/ienet-html-main/index-3.html]
[bracketweb.com/ienet-html-main/index-3-one-page.html]
[bracketweb.com/ienet-html-main/assets/css/ienet-dark.css]
[bracketweb.com/ienet-html-main/assets/images/shapes/mail-1-bg-overlay.png]
[bracketweb.com/ienet-html-main/index-dark.html]
[bracketweb.com/ienet-html-main/index-boxed.html]
[bracketweb.com/ienet-html-main/assets/css/ienet-rtl.css]
[bracketweb.com/ienet-html-main/assets/css/ienet-custom-rtl.css]
[bracketweb.com/ienet-html-main/assets/vendors/ienet-toolbar/css/ienet-toolbar.css]
[bracketweb.com/ienet-html-main/assets/images/backgrounds/slider-1-layer-1-rtl.png]
[bracketweb.com/ienet-html-main/assets/images/backgrounds/slider-1-layer-2-rtl.png]
[bracketweb.com/ienet-html-main/assets/images/backgrounds/slider-1-layer-3-rtl.png]
[bracketweb.com/ienet-html-main/assets/images/resources/about-shape-1-rtl.png]
[bracketweb.com/ienet-html-main/assets/images/resources/mail-shape-1-rtl.png]
[bracketweb.com/ienet-html-main/assets/images/resources/mail-shape-2-rtl.png]
[bracketweb.com/ienet-html-main/assets/vendors/ienet-toolbar/js/js.cookie.min.js]
[bracketweb.com/ienet-html-main/assets/vendors/ienet-toolbar/js/jQuery.style.switcher.min.js]
[bracketweb.com/ienet-html-main/assets/vendors/ienet-toolbar/js/lang.js]
[translate.google.com/translate_a/elementa0d8.js]
[bracketweb.com/ienet-html-main/assets/vendors/ienet-toolbar/js/ienet-toolbar.js]
[bracketweb.com/ienet-html-main/index-rtl.html]
[bracketweb.com/ienet-html-main/assets/images/movie/movie-1-8.jpg]
[bracketweb.com/ienet-html-main/assets/images/backgrounds/video-bg-1.jpg]
[bracketweb.com/ienet-html-main/movie.html]
[bracketweb.com/ienet-html-main/movie-carousel.html]
[bracketweb.com/ienet-html-main/assets/images/movie/movie-details-1.jpg]
[bracketweb.com/ienet-html-main/assets/images/movie/movie-details-p-1.jpg]
[bracketweb.com/ienet-html-main/assets/images/movie/movie-details-p-2.jpg]
[bracketweb.com/ienet-html-main/assets/images/movie/movie-details-p-3.jpg]
[bracketweb.com/ienet-html-main/assets/images/movie/movie-details-p-4.jpg]
[bracketweb.com/ienet-html-main/assets/images/movie/cast-1.jpg]
[bracketweb.com/ienet-html-main/assets/images/movie/cast-2.jpg]
[bracketweb.com/ienet-html-main/assets/images/movie/cast-3.jpg]
[bracketweb.com/ienet-html-main/assets/images/movie/cast-4.jpg]
[bracketweb.com/ienet-html-main/assets/images/movie/cast-5.jpg]
[bracketweb.com/ienet-html-main/assets/images/products/product-c-1-1.jpg]
[bracketweb.com/ienet-html-main/assets/images/products/product-c-1-2.jpg]
[bracketweb.com/ienet-html-main/assets/images/movie/m-s-1.jpg]
[bracketweb.com/ienet-html-main/assets/images/movie/m-s-2.jpg]
[bracketweb.com/ienet-html-main/assets/images/movie/m-s-3.jpg]
[bracketweb.com/ienet-html-main/assets/images/movie/m-s-4.jpg]
[bracketweb.com/ienet-html-main/assets/images/movie/m-s-5.jpg]
[bracketweb.com/ienet-html-main/movie-details.html]
[bracketweb.com/ienet-html-main/assets/images/shapes/team-1-shape-1.png]
[bracketweb.com/ienet-html-main/assets/images/team/team-1-1.png]
[bracketweb.com/ienet-html-main/assets/images/shapes/team-1-shape-2.png]
[bracketweb.com/ienet-html-main/assets/images/team/team-1-2.png]
[bracketweb.com/ienet-html-main/assets/images/shapes/team-1-shape-3.png]
[bracketweb.com/ienet-html-main/assets/images/team/team-1-3.png]
[bracketweb.com/ienet-html-main/assets/images/shapes/team-1-shape-4.png]
[bracketweb.com/ienet-html-main/assets/images/team/team-1-4.png]
[bracketweb.com/ienet-html-main/assets/images/shapes/team-1-shape-5.png]
[bracketweb.com/ienet-html-main/assets/images/team/team-1-5.png]
[bracketweb.com/ienet-html-main/assets/images/shapes/team-1-shape-6.png]
[bracketweb.com/ienet-html-main/assets/images/team/team-1-6.png]
[bracketweb.com/ienet-html-main/team.html]
[bracketweb.com/ienet-html-main/team-carousel.html]
[bracketweb.com/ienet-html-main/assets/images/shapes/team-details-inner-bg.png]
[bracketweb.com/ienet-html-main/assets/images/team/team-d-1.png]
[bracketweb.com/ienet-html-main/assets/images/resources/sign.png]
[bracketweb.com/ienet-html-main/team-details.html]
[bracketweb.com/ienet-html-main/assets/images/resources/testi-1-4.jpg]
[bracketweb.com/ienet-html-main/reviews.html]
[bracketweb.com/ienet-html-main/reviews-carousel.html]
[bracketweb.com/ienet-html-main/packages.html]
[bracketweb.com/ienet-html-main/packages-carousel.html]
[bracketweb.com/ienet-html-main/assets/images/gallery/gallery-1-1.jpg]
[bracketweb.com/ienet-html-main/assets/images/gallery/gallery-1-2.jpg]
[bracketweb.com/ienet-html-main/assets/images/gallery/gallery-1-3.jpg]
[bracketweb.com/ienet-html-main/assets/images/gallery/gallery-1-4.jpg]
[bracketweb.com/ienet-html-main/assets/images/gallery/gallery-1-5.jpg]
[bracketweb.com/ienet-html-main/assets/images/gallery/gallery-1-6.jpg]
[bracketweb.com/ienet-html-main/gallery.html]
[bracketweb.com/ienet-html-main/gallery-filter.html]
[bracketweb.com/ienet-html-main/assets/images/gallery/gallery-1-7.jpg]
[bracketweb.com/ienet-html-main/assets/images/gallery/gallery-1-8.jpg]
[bracketweb.com/ienet-html-main/assets/images/gallery/gallery-1-9.jpg]
[bracketweb.com/ienet-html-main/gallery-grid.html]
[bracketweb.com/ienet-html-main/gallery-carousel.html]
[bracketweb.com/ienet-html-main/assets/images/resources/faq-page-1.jpg]
[bracketweb.com/ienet-html-main/faq.html]
[bracketweb.com/ienet-html-main/assets/images/shapes/google.png]
[bracketweb.com/ienet-html-main/login.html]
[bracketweb.com/ienet-html-main/assets/images/shapes/404.png]
[bracketweb.com/ienet-html-main/404.html]
[bracketweb.com/ienet-html-main/assets/images/resources/service-2-1.jpg]
[bracketweb.com/ienet-html-main/assets/images/resources/service-2-2.jpg]
[bracketweb.com/ienet-html-main/assets/images/resources/service-2-3.jpg]
[bracketweb.com/ienet-html-main/assets/images/resources/service-2-4.jpg]
[bracketweb.com/ienet-html-main/assets/images/resources/service-2-5.jpg]
[bracketweb.com/ienet-html-main/assets/images/resources/service-2-6.jpg]
[bracketweb.com/ienet-html-main/assets/images/shapes/cta-1-bg.png]
[bracketweb.com/ienet-html-main/services.html]
[bracketweb.com/ienet-html-main/services-carousel.html]
[bracketweb.com/ienet-html-main/assets/images/resources/service-d-1.jpg]
[bracketweb.com/ienet-html-main/assets/images/resources/service-details-p-1.jpg]
[bracketweb.com/ienet-html-main/assets/images/resources/service-details-p-2.jpg]
[bracketweb.com/ienet-html-main/assets/images/backgrounds/service-contact-bg-1.jpg]
[bracketweb.com/ienet-html-main/service-d-broadband.html]
[bracketweb.com/ienet-html-main/assets/images/resources/service-d-2.jpg]
[bracketweb.com/ienet-html-main/service-d-iptv.html]
[bracketweb.com/ienet-html-main/assets/images/resources/service-d-3.jpg]
[bracketweb.com/ienet-html-main/service-d-cyber-security.html]
[bracketweb.com/ienet-html-main/assets/images/resources/service-d-4.jpg]
[bracketweb.com/ienet-html-main/service-d-landline.html]
[bracketweb.com/ienet-html-main/assets/images/resources/service-d-5.jpg]
[bracketweb.com/ienet-html-main/service-d-tv.html]
[bracketweb.com/ienet-html-main/assets/images/resources/service-d-6.jpg]
[bracketweb.com/ienet-html-main/service-d-connectivity.html]
[bracketweb.com/ienet-html-main/assets/images/products/product-1-1.png]
[bracketweb.com/ienet-html-main/assets/images/products/product-1-2.png]
[bracketweb.com/ienet-html-main/assets/images/products/product-1-3.png]
[bracketweb.com/ienet-html-main/assets/images/products/product-1-4.png]
[bracketweb.com/ienet-html-main/assets/images/products/product-1-5.png]
[bracketweb.com/ienet-html-main/assets/images/products/product-1-6.png]
[bracketweb.com/ienet-html-main/assets/images/products/product-1-8.png]
[bracketweb.com/ienet-html-main/assets/images/products/product-1-7.png]
[bracketweb.com/ienet-html-main/products.html]
[bracketweb.com/ienet-html-main/products-left.html]
[bracketweb.com/ienet-html-main/products-right.html]
[bracketweb.com/ienet-html-main/products-carousel.html]
[bracketweb.com/ienet-html-main/assets/images/products/product-d-1-1.jpg]
[bracketweb.com/ienet-html-main/product-details.html]
[bracketweb.com/ienet-html-main/assets/images/products/cart-1-1.jpg]
[bracketweb.com/ienet-html-main/assets/images/products/cart-1-2.jpg]
[bracketweb.com/ienet-html-main/assets/images/products/cart-1-3.jpg]
[bracketweb.com/ienet-html-main/assets/images/products/cart-1-4.jpg]
[bracketweb.com/ienet-html-main/cart.html]
[bracketweb.com/ienet-html-main/checkout.html]
[bracketweb.com/ienet-html-main/assets/images/blog/blog-1-5.png]
[bracketweb.com/ienet-html-main/assets/images/blog/blog-1-6.png]
[bracketweb.com/ienet-html-main/assets/images/blog/blog-1-7.png]
[bracketweb.com/ienet-html-main/assets/images/blog/blog-1-8.png]
[bracketweb.com/ienet-html-main/assets/images/blog/blog-1-9.png]
[bracketweb.com/ienet-html-main/blog-grid.html]
[bracketweb.com/ienet-html-main/assets/images/blog/lp-1-1.jpg]
[bracketweb.com/ienet-html-main/assets/images/blog/lp-1-2.jpg]
[bracketweb.com/ienet-html-main/assets/images/blog/lp-1-3.jpg]
[bracketweb.com/ienet-html-main/blog-grid-left.html]
[bracketweb.com/ienet-html-main/blog-grid-right.html]
[bracketweb.com/ienet-html-main/assets/images/blog/blog-l-1-1.jpg]
[bracketweb.com/ienet-html-main/assets/images/blog/blog-l-1-2.jpg]
[bracketweb.com/ienet-html-main/assets/images/blog/blog-l-1-3.jpg]
[bracketweb.com/ienet-html-main/blog-list.html]
[bracketweb.com/ienet-html-main/blog-list-left.html]
[bracketweb.com/ienet-html-main/blog-list-right.html]
[bracketweb.com/ienet-html-main/blog-carousel.html]
[bracketweb.com/ienet-html-main/assets/images/blog/blog-details-1-1.jpg]
[bracketweb.com/ienet-html-main/assets/images/blog/blog-details-1-2.jpg]
[bracketweb.com/ienet-html-main/assets/images/blog/blog-details-1-3.jpg]
[bracketweb.com/ienet-html-main/assets/images/blog/blog-comment-1-1.jpg]
[bracketweb.com/ienet-html-main/assets/images/blog/blog-comment-1-2.jpg]
[bracketweb.com/ienet-html-main/blog-details.html]
[bracketweb.com/ienet-html-main/blog-details-left.html]
[bracketweb.com/ienet-html-main/blog-details-right.html]
[bracketweb.com/ienet-html-main/assets/images/shapes/contact-bg-1.png]
[bracketweb.com/ienet-html-main/assets/images/resources/contact-1-1.jpg]
[bracketweb.com/ienet-html-main/contact.html]
[bracketweb.com/ienet-html-main/assets/vendors/fontawesome/webfonts/fa-brands-400.svg]
[bracketweb.com/ienet-html-main/assets/vendors/fontawesome/webfonts/fa-regular-400.svg]
[bracketweb.com/ienet-html-main/assets/vendors/fontawesome/webfonts/fa-solid-900.svg]
[bracketweb.com/ienet-html-main/assets/vendors/ienet-icons/fonts/icomoon6cc9.svg]
[bracketweb.com/ienet-html-main/assets/images/shapes/leaf-1-1.html]
[bracketweb.com/ienet-html-main/assets/images/shapes/funfact-bg-1-1.html]
[bracketweb.com/ienet-html-main/assets/css/ienet-dark.css]
[bracketweb.com/ienet-html-main/assets/css/ienet-rtl.css]
[bracketweb.com/ienet-html-main/assets/css/ienet-custom-rtl.css]
[bracketweb.com/ienet-html-main/assets/vendors/ienet-toolbar/css/ienet-toolbar.css]
